proguard/mapping.txt
net.mypapit.mobile.callsignview.CallsignDetailActivity -> net.mypapit.mobile.callsignview.CallsignDetailActivity:
    net.mypapit.mobile.callsignview.CallsignInfo csinfo -> a
    void onCreate(android.os.Bundle) -> onCreate
    void onClick(android.view.View) -> onClick
net.mypapit.mobile.callsignview.CallsignInfo -> net.mypapit.mobile.callsignview.a:
    java.lang.String callsign -> a
    java.lang.String aa -> b
    java.lang.String handle -> c
    java.lang.String expire -> d
net.mypapit.mobile.callsignview.CallsignViewActivity -> net.mypapit.mobile.callsignview.CallsignViewActivity:
    android.app.Dialog progressDialog -> n
    net.mypapit.mobile.callsignview.ConstantsInstaller placeData -> a
    android.database.sqlite.SQLiteDatabase db -> b
    int strDBVERSION -> c
    net.mypapit.mobile.callsignview.ClearableEditText searchText -> d
    android.database.Cursor cursor -> e
    android.database.Cursor defaultcursor -> f
    android.widget.ListAdapter adapter -> g
    com.woozzu.android.widget.IndexableListView lvCallsign -> h
    android.widget.Spinner spinPrefix -> o
    int alertrepeater -> p
    net.mypapit.mobile.callsignview.CallsignViewActivity cva -> i
    java.lang.String[] testString -> j
    android.os.Handler handler -> q
    void onCreate(android.os.Bundle) -> onCreate
    void fillSpinner() -> c
    void afterTextChanged(android.text.Editable) -> afterTextChanged
    void beforeTextChanged(java.lang.CharSequence,int,int,int) -> beforeTextChanged
    void onTextChanged(java.lang.CharSequence,int,int,int) -> onTextChanged
    void showDialog() -> d
    void showProgress() -> a
    void hideProgress() -> b
    void run() -> run
    void onPause() -> onPause
    void onResume() -> onResume
    void onClick(android.view.View) -> onClick
    android.widget.Spinner access$0(net.mypapit.mobile.callsignview.CallsignViewActivity) -> a
    int access$1(net.mypapit.mobile.callsignview.CallsignViewActivity) -> b
net.mypapit.mobile.callsignview.CallsignViewActivity$1 -> net.mypapit.mobile.callsignview.b:
    net.mypapit.mobile.callsignview.CallsignViewActivity this$0 -> a
    void handleMessage(android.os.Message) -> handleMessage
net.mypapit.mobile.callsignview.CallsignViewActivity$2 -> net.mypapit.mobile.callsignview.c:
    net.mypapit.mobile.callsignview.CallsignViewActivity this$0 -> a
    void onItemSelected(android.widget.AdapterView,android.view.View,int,long) -> onItemSelected
    void onNothingSelected(android.widget.AdapterView) -> onNothingSelected
net.mypapit.mobile.callsignview.CallsignViewActivity$3 -> net.mypapit.mobile.callsignview.d:
    net.mypapit.mobile.callsignview.CallsignViewActivity this$0 -> a
    void onClick(android.content.DialogInterface,int) -> onClick
net.mypapit.mobile.callsignview.CallsignViewActivity$4 -> net.mypapit.mobile.callsignview.e:
    net.mypapit.mobile.callsignview.CallsignViewActivity this$0 -> a
    void onClick(android.content.DialogInterface,int) -> onClick
net.mypapit.mobile.callsignview.CallsignViewActivity$5 -> net.mypapit.mobile.callsignview.f:
    net.mypapit.mobile.callsignview.CallsignViewActivity this$0 -> a
    void onItemClick(android.widget.AdapterView,android.view.View,int,long) -> onItemClick
    net.mypapit.mobile.callsignview.CallsignViewActivity access$0(net.mypapit.mobile.callsignview.CallsignViewActivity$5) -> a
net.mypapit.mobile.callsignview.CallsignViewActivity$5$1 -> net.mypapit.mobile.callsignview.g:
    net.mypapit.mobile.callsignview.CallsignViewActivity$5 this$1 -> a
    int val$lvposition -> b
    void onAnimationEnd(android.view.animation.Animation) -> onAnimationEnd
    void onAnimationRepeat(android.view.animation.Animation) -> onAnimationRepeat
    void onAnimationStart(android.view.animation.Animation) -> onAnimationStart
net.mypapit.mobile.callsignview.CallsignViewActivity$6 -> net.mypapit.mobile.callsignview.h:
    net.mypapit.mobile.callsignview.CallsignViewActivity this$0 -> a
    void run() -> run
...
android.support.v4.app.FragmentManager$OnBackStackChangedListener -> android.support.v4.app.k:
    void onBackStackChanged() -> a
android.support.v4.app.FragmentManagerImpl -> android.support.v4.app.l:
    boolean DEBUG -> a
    boolean HONEYCOMB -> b
    java.util.ArrayList mPendingActions -> c
    java.lang.Runnable[] mTmpActions -> d
    boolean mExecutingActions -> e
    java.util.ArrayList mActive -> f
    java.util.ArrayList mAdded -> g
    java.util.ArrayList mAvailIndices -> h
    java.util.ArrayList mBackStack -> i
    java.util.ArrayList mCreatedMenus -> j
    java.util.ArrayList mBackStackIndices -> k
    java.util.ArrayList mAvailBackStackIndices -> l
    java.util.ArrayList mBackStackChangeListeners -> m
    int mCurState -> n
    android.support.v4.app.FragmentActivity mActivity -> o
    boolean mNeedMenuInvalidate -> p
    boolean mStateSaved -> q
    boolean mDestroyed -> r
    java.lang.String mNoTransactionsBecause -> s
    boolean mHavePendingDeferredStart -> t
    android.os.Bundle mStateBundle -> u
    android.util.SparseArray mStateArray -> v
    java.lang.Runnable mExecCommit -> w
    android.view.animation.Interpolator DECELERATE_QUINT -> x
    android.view.animation.Interpolator DECELERATE_CUBIC -> y
    android.view.animation.Interpolator ACCELERATE_QUINT -> z
    android.view.animation.Interpolator ACCELERATE_CUBIC -> A
    boolean executePendingTransactions() -> a
    boolean popBackStackImmediate() -> b
    void putFragment(android.os.Bundle,java.lang.String,android.support.v4.app.Fragment) -> a
android.support.v4.app.FragmentManagerImpl$5 -> android.support.v4.app.m:
    android.support.v4.app.Fragment val$fragment -> a
    android.support.v4.app.FragmentManagerImpl this$0 -> b
    void onAnimationEnd(android.view.animation.Animation) -> onAnimationEnd
    void onAnimationRepeat(android.view.animation.Animation) -> onAnimationRepeat
    void onAnimationStart(android.view.animation.Animation) -> onAnimationStart
android.support.v4.app.FragmentManagerState -> android.support.v4.app.FragmentManagerState:
    android.support.v4.app.FragmentState[] mActive -> a
    int[] mAdded -> b
    android.support.v4.app.BackStackState[] mBackStack -> c
    android.os.Parcelable$Creator CREATOR -> CREATOR
    int describeContents() -> describeContents
    void writeToParcel(android.os.Parcel,int) -> writeToParcel
android.support.v4.app.FragmentManagerState$1 -> android.support.v4.app.n:
    android.support.v4.app.FragmentManagerState createFromParcel(android.os.Parcel) -> a
    android.support.v4.app.FragmentManagerState[] newArray(int) -> a
    java.lang.Object[] newArray(int) -> newArray
    java.lang.Object createFromParcel(android.os.Parcel) -> createFromParcel
android.support.v4.app.FragmentState -> android.support.v4.app.FragmentState:
    java.lang.String mClassName -> a
    int mIndex -> b
    boolean mFromLayout -> c
    int mFragmentId -> d
    int mContainerId -> e
    java.lang.String mTag -> f
    boolean mRetainInstance -> g
    boolean mDetached -> h
    android.os.Bundle mArguments -> i
    android.os.Bundle mSavedFragmentState -> j
    android.support.v4.app.Fragment mInstance -> k
    android.os.Parcelable$Creator CREATOR -> CREATOR
    android.support.v4.app.Fragment instantiate(android.support.v4.app.FragmentActivity) -> a
    int describeContents() -> describeContents
    void writeToParcel(android.os.Parcel,int) -> writeToParcel
android.support.v4.app.FragmentState$1 -> android.support.v4.app.o:
    android.support.v4.app.FragmentState createFromParcel(android.os.Parcel) -> a
    android.support.v4.app.FragmentState[] newArray(int) -> a
    java.lang.Object[] newArray(int) -> newArray
    java.lang.Object createFromParcel(android.os.Parcel) -> createFromParcel
android.support.v4.app.FragmentTransaction -> android.support.v4.app.p:
android.support.v4.app.LoaderManager -> android.support.v4.app.q:
    boolean hasRunningLoaders() -> a